10520 a
107   able
1016  about
146   above
116   across
192   action
106   activity
208   added
164   adjutant
117   affairs
145   afraid
834   after
703   again
222   against
177   ah
101   aim
135   air
135   alexander
2772  all
154   almost
237   alone
225   along
137   alpatych
326   already
268   also
464   always
544   am
216   among
1622  an
222   anatole
22155 and
1136  andrew
107   angry
293   anna
616   another
142   answer
153   answered
501   any
190   anyone
293   anything
122   appeared
1277  are
177   arm
175   arms
647   army
172   around
3989  as
199   ask
668   asked
106   asking
4537  at
104   attack
118   attention
613   away
516   back
122   bad
155   bagration
110   balashev
113   ball
351   battle
2453  be
170   became
487   because
122   become
118   bed
1475  been
823   before
715   began
311   behind
460   being
123   believe
184   beside
111   besides
124   best
162   better
240   between
106   beyond
120   black
175   bolkonski
291   boris
105   borodino
258   both
126   bourienne
135   boy
133   bridge
147   brother
209   brought
4008  but
2400  by
227   called
681   came
102   campaign
668   can
167   cannot
110   captain
117   carriage
146   cause
138   certain
732   chapter
142   chief
108   child
114   children
119   clear
105   close
118   coat
137   cold
109   colonel
677   come
160   coming
130   command
170   commander
118   commanderinchief
108   company
103   considered
215   continued
125   contrary
163   conversation
1111  could
718   count
484   countess
105   country
123   course
210   cried
210   crowd
146   daughter
560   day
199   days
141   de
382   dear
182   death
100   decided
419   denisov
1477  did
146   different
166   dinner
105   dmitrievna
1050  do
139   doctor
208   does
140   doing
325   dolokhov
532   don
303   done
329   door
690   down
202   drawing
102   dress
112   drew
224   during
183   each
127   either
157   else
624   emperor
185   end
263   enemy
213   entered
131   especially
505   even
214   evening
117   events
131   ever
337   every
116   everybody
223   everyone
409   everything
347   evidently
126   excellency
116   expressed
299   expression
820   eyes
891   face
157   faces
154   fact
141   family
169   far
424   father
111   fear
133   feel
319   feeling
112   feet
125   fell
190   fellow
628   felt
171   few
143   field
161   find
120   fine
195   fire
619   first
134   followed
3519  for
133   force
120   former
173   forward
223   found
103   four
153   free
111   freedom
874   french
100   frenchman
182   friend
117   frightened
2693  from
265   front
161   full
303   gave
500   general
101   generals
356   get
129   girl
280   give
179   given
107   giving
129   glad
152   glanced
748   go
304   god
318   going
161   gone
385   good
202   got
264   great
124   grew
105   ground
100   guns
5354  had
158   hair
139   half
538   hand
258   hands
108   handsome
167   happened
126   happiness
194   happy
703   has
1978  have
488   having
9938  he
568   head
141   hear
497   heard
178   heart
142   held
164   helene
144   help
4700  her
490   here
328   herself
118   high
4574  him
1014  himself
7967  his
118   historians
160   history
120   holding
172   home
157   honor
301   horse
246   horses
389   house
998   how
100   however
108   human
122   hundred
155   husband
105   hussars
4447  i
1299  if
130   immediately
129   important
175   impossible
8801  in
1003  into
3320  is
5553  it
573   its
157   itself
563   just
149   kept
127   killed
141   kind
119   kissed
409   knew
841   know
130   known
527   kutuzov
169   large
346   last
105   late
132   later
195   lay
209   leave
111   led
605   left
101   legs
142   less
400   let
230   letter
595   life
142   light
734   like
116   line
113   lips
136   listened
552   little
517   long
176   longer
475   look
647   looked
391   looking
139   lost
442   love
120   loved
458   made
141   mademoiselle
274   make
108   making
105   mamma
1170  man
233   many
666   mary
114   marya
102   master
167   matter
291   may
1265  me
107   meet
783   men
131   merely
155   met
314   might
130   mikhaylovna
114   military
227   mind
426   moment
128   money
1053  more
214   morning
712   moscow
325   most
245   mother
212   moved
187   movement
119   moving
394   much
482   must
1219  my
146   myself
118   name
572   napoleon
1207  natasha
205   near
137   necessary
108   need
409   never
286   new
167   news
193   next
627   nicholas
223   night
1401  no
175   nor
4658  not
464   nothing
179   noticed
1304  now
114   o
14991 of
426   off
432   officer
229   officers
140   often
313   oh
804   old
3996  on
356   once
2111  one
1292  only
116   opened
1591  or
295   order
110   ordered
202   orders
592   other
296   others
101   ought
623   our
1225  out
599   over
498   own
112   pale
236   part
191   passed
173   past
151   pavlovna
114   peace
116   peasants
551   people
113   perhaps
242   petersburg
264   petya
1953  pierre
310   place
133   please
122   pleasure
292   position
170   possible
204   power
121   presence
125   present
1922  prince
914   princess
115   prisoners
100   project
269   put
216   question
138   quickly
375   quite
105   raised
260   ran
145   reached
132   read
164   ready
203   really
126   reason
205   received
110   red
222   regiment
179   remained
124   remember
102   remembered
144   repeated
300   replied
147   reply
107   rest
145   returned
449   right
201   road
221   rode
755   room
188   rose
124   rostopchin
772   rostov
159   rostovs
424   round
100   run
105   running
168   russia
454   russian
143   russians
2834  said
663   same
344   sat
462   saw
637   say
233   saying
120   says
118   second
730   see
168   seeing
579   seemed
287   seen
224   sent
127   service
160   set
188   several
248   shall
3467  she
114   short
520   should
107   shoulders
244   shouted
103   shouting
110   show
110   showed
297   side
135   sides
105   silence
164   silent
188   since
220   sitting
181   small
414   smile
150   smiled
144   smiling
124   smoke
101   smolensk
1852  so
131   society
201   soldier
351   soldiers
844   some
134   someone
598   something
131   sometimes
267   son
442   sonya
252   soon
150   soul
160   sound
214   speak
155   speaking
167   spoke
135   staff
157   standing
145   state
137   steps
666   still
307   stood
193   stopped
104   straight
159   strange
118   strength
112   study
590   such
429   suddenly
222   table
348   take
242   taken
201   taking
251   talk
189   talking
166   tears
375   tell
155   terrible
534   than
8090  that
34562 the
1438  their
1514  them
200   themselves
935   then
1542  there
590   these
2239  they
225   thing
232   things
356   think
118   thinking
129   third
2103  this
654   those
445   though
765   thought
115   thoughts
168   thousand
258   three
379   through
174   till
922   time
152   times
16713 to
139   together
408   told
106   tomorrow
147   tone
390   too
396   took
292   toward
119   town
188   tried
260   troops
120   true
164   trying
103   turn
384   turned
181   turning
587   two
107   uncle
371   under
347   understand
198   understood
1552  up
420   us
135   used
120   usual
243   vasili
800   very
145   village
423   voice
143   voices
117   waiting
249   want
180   wanted
299   war
7329  was
493   way
1050  we
687   well
859   went
2408  were
2375  what
1485  when
624   where
232   whether
2023  which
398   while
194   white
2135  who
531   whole
401   whom
112   whose
535   why
289   wife
1063  will
112   window
186   wish
189   wished
5695  with
670   without
191   woman
152   women
157   won
233   word
390   words
166   work
158   world
1361  would
206   wounded
118   years
548   yes
339   yet
3835  you
441   young
814   your
117   yourself
